<?xml version="1.0" encoding="UTF-8"?>
<Site BuildName="(empty)"
	BuildStamp="20231027-2014-Experimental"
	Name="(empty)"
	Generator="ctest-3.16.3"
	CompilerName=""
	CompilerVersion=""
	OSName="Linux"
	Hostname="veloxi-Inspiron-15-3511"
	OSRelease="5.15.0-87-generic"
	OSVersion="#97~20.04.1-Ubuntu SMP Thu Oct 5 08:25:28 UTC 2023"
	OSPlatform="x86_64"
	Is64Bits="1"
	VendorString="GenuineIntel"
	VendorID="Intel Corporation"
	FamilyID="6"
	ModelID="140"
	ProcessorCacheSize="12288"
	NumberOfLogicalCPU="8"
	NumberOfPhysicalCPU="4"
	TotalVirtualMemory="10239"
	TotalPhysicalMemory="15725"
	LogicalProcessorsPerPhysical="2"
	ProcessorClockFrequency="1277.93"
	>
	<Testing>
		<StartDateTime>Oct 27 17:14 -03</StartDateTime>
		<StartTestTime>1698437697</StartTestTime>
		<TestList/>
		<EndDateTime>Oct 27 17:14 -03</EndDateTime>
		<EndTestTime>1698437697</EndTestTime>
		<ElapsedMinutes>0</ElapsedMinutes>
	</Testing>
</Site>
